<?xml version="1.0" encoding="UTF-8"?>
<!-- Generated by org.testng.reporters.JUnitReportReporter -->
<testsuite hostname="LAPTOP-DFDTRN2Q" failures="0" tests="1" name="modelPopUps.PopupTest" time="18.314" errors="0" timestamp="2022-04-29T13:36:36 IST" skipped="0">
  <testcase classname="modelPopUps.PopupTest" name="Chatboxpopup" time="18.314"/>
  <system-out/>
</testsuite> <!-- modelPopUps.PopupTest -->
